Using pre-set license
Built from '2020.3/staging' branch; Version is '2020.3.9f1 (108be757e447) revision 1084391'; Using compiler version '192528614'; Build Type 'Release'
OS: 'Windows 10 Home; OS build 19042.1052; Version 2009; 64bit' Language: 'de' Physical Memory: 16268 MB
BatchMode: 1, IsHumanControllingUs: 0, StartBugReporterOnCrash: 0, Is64bit: 1, IsPro: 0

 COMMAND LINE ARGUMENTS:
C:\Program Files\Unity\Hub\Editor\2020.3.9f1\Editor\Unity.exe
-adb2
-batchMode
-noUpm
-name
AssetImportWorker1
-projectPath
C:/Users/monic/Desktop/MMP/mmp-abschlussprojekt/Silva
-logFile
Logs/AssetImportWorker1.log
-srvPort
50255
Successfully changed project path to: C:/Users/monic/Desktop/MMP/mmp-abschlussprojekt/Silva
C:/Users/monic/Desktop/MMP/mmp-abschlussprojekt/Silva
Using Asset Import Pipeline V2.
Refreshing native plugins compatible for Editor in 47.79 ms, found 1 plugins.
Preloading 0 native plugins for Editor in 0.00 ms.
Initialize engine version: 2020.3.9f1 (108be757e447)
[Subsystems] Discovering subsystems at path C:/Program Files/Unity/Hub/Editor/2020.3.9f1/Editor/Data/Resources/UnitySubsystems
[Subsystems] Discovering subsystems at path C:/Users/monic/Desktop/MMP/mmp-abschlussprojekt/Silva/Assets
GfxDevice: creating device client; threaded=0
Direct3D:
    Version:  Direct3D 11.0 [level 11.1]
    Renderer: NVIDIA GeForce MX150 (ID=0x1d10)
    Vendor:   
    VRAM:     1983 MB
    Driver:   27.21.14.5167
Initialize mono
Mono path[0] = 'C:/Program Files/Unity/Hub/Editor/2020.3.9f1/Editor/Data/Managed'
Mono path[1] = 'C:/Program Files/Unity/Hub/Editor/2020.3.9f1/Editor/Data/MonoBleedingEdge/lib/mono/unityjit'
Mono config path = 'C:/Program Files/Unity/Hub/Editor/2020.3.9f1/Editor/Data/MonoBleedingEdge/etc'
Using monoOptions --debugger-agent=transport=dt_socket,embedding=1,server=y,suspend=n,address=127.0.0.1:56920
Begin MonoManager ReloadAssembly
Registering precompiled unity dll's ...
Register platform support module: C:/Program Files/Unity/Hub/Editor/2020.3.9f1/Editor/Data/PlaybackEngines/WebGLSupport/UnityEditor.WebGL.Extensions.dll
Register platform support module: C:/Program Files/Unity/Hub/Editor/2020.3.9f1/Editor/Data/PlaybackEngines/MacStandaloneSupport/UnityEditor.OSXStandalone.Extensions.dll
Register platform support module: C:/Program Files/Unity/Hub/Editor/2020.3.9f1/Editor/Data/PlaybackEngines/WindowsStandaloneSupport/UnityEditor.WindowsStandalone.Extensions.dll
Register platform support module: C:/Program Files/Unity/Hub/Editor/2020.3.9f1/Editor/Data/PlaybackEngines/LinuxStandaloneSupport/UnityEditor.LinuxStandalone.Extensions.dll
Registered in 0.003191 seconds.
Native extension for LinuxStandalone target not found
Native extension for WindowsStandalone target not found
Native extension for OSXStandalone target not found
Native extension for WebGL target not found
Refreshing native plugins compatible for Editor in 43.73 ms, found 1 plugins.
Preloading 0 native plugins for Editor in 0.00 ms.
Mono: successfully reloaded assembly
- Completed reload, in  1.508 seconds
Platform modules already initialized, skipping
Registering precompiled user dll's ...
Registered in 0.001298 seconds.
Begin MonoManager ReloadAssembly
Native extension for LinuxStandalone target not found
Native extension for WindowsStandalone target not found
Native extension for OSXStandalone target not found
Native extension for WebGL target not found
Refreshing native plugins compatible for Editor in 43.48 ms, found 1 plugins.
Preloading 0 native plugins for Editor in 0.00 ms.
Mono: successfully reloaded assembly
- Completed reload, in  1.061 seconds
Platform modules already initialized, skipping
========================================================================
Worker process is ready to serve import requests
Launched and connected shader compiler UnityShaderCompiler.exe after 0.05 seconds
Refreshing native plugins compatible for Editor in 0.39 ms, found 1 plugins.
Preloading 0 native plugins for Editor in 0.00 ms.
Unloading 1827 Unused Serialized files (Serialized files now loaded: 0)
System memory in use before: 85.6 MB.
System memory in use after: 85.6 MB.

Unloading 21 unused Assets to reduce memory usage. Loaded Objects now: 2274.
Total: 2.191900 ms (FindLiveObjects: 0.174000 ms CreateObjectMapping: 0.061500 ms MarkObjects: 1.808300 ms  DeleteObjects: 0.146800 ms)

========================================================================
Received Import Request.
  path: Assets/Scenes/Level1.unity
  artifactKey: Guid(2cda990e2423bbf4892e6590ba056729) Importer(815301076,1909f56bfc062723c751e8b465ee728b)
Start importing Assets/Scenes/Level1.unity using Guid(2cda990e2423bbf4892e6590ba056729) Importer(815301076,1909f56bfc062723c751e8b465ee728b)  -> (artifact id: '79e823c700723212d8f3ec5235b0fde4') in 0.014919 seconds
  Import took 0.018669 seconds .

========================================================================
Received Prepare
Registering precompiled user dll's ...
Registered in 0.001542 seconds.
Begin MonoManager ReloadAssembly
Native extension for LinuxStandalone target not found
Native extension for WindowsStandalone target not found
Native extension for OSXStandalone target not found
Native extension for WebGL target not found
Refreshing native plugins compatible for Editor in 0.34 ms, found 1 plugins.
Preloading 0 native plugins for Editor in 0.00 ms.
Mono: successfully reloaded assembly
- Completed reload, in  0.971 seconds
Platform modules already initialized, skipping
Refreshing native plugins compatible for Editor in 0.58 ms, found 1 plugins.
Preloading 0 native plugins for Editor in 0.00 ms.
Unloading 1819 Unused Serialized files (Serialized files now loaded: 0)
System memory in use before: 85.3 MB.
System memory in use after: 85.3 MB.

Unloading 9 unused Assets to reduce memory usage. Loaded Objects now: 2278.
Total: 2.187800 ms (FindLiveObjects: 0.174500 ms CreateObjectMapping: 0.060300 ms MarkObjects: 1.872500 ms  DeleteObjects: 0.079300 ms)

========================================================================
Received Prepare
Registering precompiled user dll's ...
Registered in 0.001143 seconds.
Begin MonoManager ReloadAssembly
Native extension for LinuxStandalone target not found
Native extension for WindowsStandalone target not found
Native extension for OSXStandalone target not found
Native extension for WebGL target not found
Refreshing native plugins compatible for Editor in 0.69 ms, found 1 plugins.
Preloading 0 native plugins for Editor in 0.00 ms.
Mono: successfully reloaded assembly
- Completed reload, in  0.997 seconds
Platform modules already initialized, skipping
Refreshing native plugins compatible for Editor in 0.40 ms, found 1 plugins.
Preloading 0 native plugins for Editor in 0.00 ms.
Unloading 1819 Unused Serialized files (Serialized files now loaded: 0)
System memory in use before: 85.3 MB.
System memory in use after: 85.4 MB.

Unloading 9 unused Assets to reduce memory usage. Loaded Objects now: 2282.
Total: 2.333000 ms (FindLiveObjects: 0.177000 ms CreateObjectMapping: 0.057000 ms MarkObjects: 2.003700 ms  DeleteObjects: 0.094200 ms)

========================================================================
Received Prepare
Registering precompiled user dll's ...
Registered in 0.000931 seconds.
Begin MonoManager ReloadAssembly
Native extension for LinuxStandalone target not found
Native extension for WindowsStandalone target not found
Native extension for OSXStandalone target not found
Native extension for WebGL target not found
Refreshing native plugins compatible for Editor in 0.38 ms, found 1 plugins.
Preloading 0 native plugins for Editor in 0.00 ms.
Mono: successfully reloaded assembly
- Completed reload, in  0.981 seconds
Platform modules already initialized, skipping
Refreshing native plugins compatible for Editor in 0.35 ms, found 1 plugins.
Preloading 0 native plugins for Editor in 0.00 ms.
Unloading 1819 Unused Serialized files (Serialized files now loaded: 0)
System memory in use before: 85.3 MB.
System memory in use after: 85.4 MB.

Unloading 9 unused Assets to reduce memory usage. Loaded Objects now: 2286.
Total: 2.368900 ms (FindLiveObjects: 0.167500 ms CreateObjectMapping: 0.053700 ms MarkObjects: 2.031900 ms  DeleteObjects: 0.114700 ms)

========================================================================
Received Prepare
Registering precompiled user dll's ...
Registered in 0.000934 seconds.
Begin MonoManager ReloadAssembly
Native extension for LinuxStandalone target not found
Native extension for WindowsStandalone target not found
Native extension for OSXStandalone target not found
Native extension for WebGL target not found
Refreshing native plugins compatible for Editor in 0.56 ms, found 1 plugins.
Preloading 0 native plugins for Editor in 0.00 ms.
Mono: successfully reloaded assembly
- Completed reload, in  0.982 seconds
Platform modules already initialized, skipping
Refreshing native plugins compatible for Editor in 0.39 ms, found 1 plugins.
Preloading 0 native plugins for Editor in 0.00 ms.
Unloading 1819 Unused Serialized files (Serialized files now loaded: 0)
System memory in use before: 85.3 MB.
System memory in use after: 85.4 MB.

Unloading 9 unused Assets to reduce memory usage. Loaded Objects now: 2290.
Total: 2.164400 ms (FindLiveObjects: 0.173100 ms CreateObjectMapping: 0.066100 ms MarkObjects: 1.788400 ms  DeleteObjects: 0.135800 ms)

========================================================================
Received Prepare
Registering precompiled user dll's ...
Registered in 0.001940 seconds.
Begin MonoManager ReloadAssembly
Native extension for LinuxStandalone target not found
Native extension for WindowsStandalone target not found
Native extension for OSXStandalone target not found
Native extension for WebGL target not found
Refreshing native plugins compatible for Editor in 0.45 ms, found 1 plugins.
Preloading 0 native plugins for Editor in 0.00 ms.
Mono: successfully reloaded assembly
- Completed reload, in  0.972 seconds
Platform modules already initialized, skipping
Refreshing native plugins compatible for Editor in 0.37 ms, found 1 plugins.
Preloading 0 native plugins for Editor in 0.00 ms.
Unloading 1819 Unused Serialized files (Serialized files now loaded: 0)
System memory in use before: 85.4 MB.
System memory in use after: 85.4 MB.

Unloading 9 unused Assets to reduce memory usage. Loaded Objects now: 2294.
Total: 2.366000 ms (FindLiveObjects: 0.211700 ms CreateObjectMapping: 0.061600 ms MarkObjects: 1.976200 ms  DeleteObjects: 0.115200 ms)

========================================================================
Received Prepare
Registering precompiled user dll's ...
Registered in 0.001024 seconds.
Begin MonoManager ReloadAssembly
Native extension for LinuxStandalone target not found
Native extension for WindowsStandalone target not found
Native extension for OSXStandalone target not found
Native extension for WebGL target not found
Refreshing native plugins compatible for Editor in 0.34 ms, found 1 plugins.
Preloading 0 native plugins for Editor in 0.00 ms.
Mono: successfully reloaded assembly
- Completed reload, in  0.945 seconds
Platform modules already initialized, skipping
Refreshing native plugins compatible for Editor in 0.36 ms, found 1 plugins.
Preloading 0 native plugins for Editor in 0.00 ms.
Unloading 1819 Unused Serialized files (Serialized files now loaded: 0)
System memory in use before: 85.4 MB.
System memory in use after: 85.4 MB.

Unloading 9 unused Assets to reduce memory usage. Loaded Objects now: 2298.
Total: 2.375400 ms (FindLiveObjects: 0.176700 ms CreateObjectMapping: 0.059800 ms MarkObjects: 2.058800 ms  DeleteObjects: 0.079100 ms)

========================================================================
Received Prepare
Registering precompiled user dll's ...
Registered in 0.000966 seconds.
Begin MonoManager ReloadAssembly
Native extension for LinuxStandalone target not found
Native extension for WindowsStandalone target not found
Native extension for OSXStandalone target not found
Native extension for WebGL target not found
Refreshing native plugins compatible for Editor in 0.45 ms, found 1 plugins.
Preloading 0 native plugins for Editor in 0.00 ms.
Mono: successfully reloaded assembly
- Completed reload, in  0.966 seconds
Platform modules already initialized, skipping
Refreshing native plugins compatible for Editor in 0.49 ms, found 1 plugins.
Preloading 0 native plugins for Editor in 0.00 ms.
Unloading 1819 Unused Serialized files (Serialized files now loaded: 0)
System memory in use before: 85.4 MB.
System memory in use after: 85.4 MB.

Unloading 9 unused Assets to reduce memory usage. Loaded Objects now: 2302.
Total: 2.159200 ms (FindLiveObjects: 0.156400 ms CreateObjectMapping: 0.060800 ms MarkObjects: 1.846700 ms  DeleteObjects: 0.094300 ms)

========================================================================
Received Import Request.
  Time since last request: 379.271326 seconds.
  path: Assets/Scenes/Level1.unity
  artifactKey: Guid(2cda990e2423bbf4892e6590ba056729) Importer(815301076,1909f56bfc062723c751e8b465ee728b)
Start importing Assets/Scenes/Level1.unity using Guid(2cda990e2423bbf4892e6590ba056729) Importer(815301076,1909f56bfc062723c751e8b465ee728b)  -> (artifact id: 'ce1f2a8ac081235333486f0408d72b12') in 0.016913 seconds
  Import took 0.020574 seconds .

========================================================================
Received Prepare
Registering precompiled user dll's ...
Registered in 0.000954 seconds.
Begin MonoManager ReloadAssembly
Native extension for LinuxStandalone target not found
Native extension for WindowsStandalone target not found
Native extension for OSXStandalone target not found
Native extension for WebGL target not found
Refreshing native plugins compatible for Editor in 0.47 ms, found 1 plugins.
Preloading 0 native plugins for Editor in 0.00 ms.
Mono: successfully reloaded assembly
- Completed reload, in  0.963 seconds
Platform modules already initialized, skipping
Refreshing native plugins compatible for Editor in 0.35 ms, found 1 plugins.
Preloading 0 native plugins for Editor in 0.00 ms.
Unloading 1819 Unused Serialized files (Serialized files now loaded: 0)
System memory in use before: 85.4 MB.
System memory in use after: 85.4 MB.

Unloading 9 unused Assets to reduce memory usage. Loaded Objects now: 2306.
Total: 2.293200 ms (FindLiveObjects: 0.167700 ms CreateObjectMapping: 0.051700 ms MarkObjects: 1.942500 ms  DeleteObjects: 0.130400 ms)

========================================================================
Received Import Request.
  Time since last request: 358.117526 seconds.
  path: Assets/Scenes/Level1.unity
  artifactKey: Guid(2cda990e2423bbf4892e6590ba056729) Importer(815301076,1909f56bfc062723c751e8b465ee728b)
Start importing Assets/Scenes/Level1.unity using Guid(2cda990e2423bbf4892e6590ba056729) Importer(815301076,1909f56bfc062723c751e8b465ee728b)  -> (artifact id: '13299809b09d0d606ed996b3b85339da') in 0.015918 seconds
  Import took 0.019426 seconds .

========================================================================
Received Prepare
Registering precompiled user dll's ...
Registered in 0.000959 seconds.
Begin MonoManager ReloadAssembly
Native extension for LinuxStandalone target not found
Native extension for WindowsStandalone target not found
Native extension for OSXStandalone target not found
Native extension for WebGL target not found
Refreshing native plugins compatible for Editor in 0.62 ms, found 1 plugins.
Preloading 0 native plugins for Editor in 0.00 ms.
Mono: successfully reloaded assembly
- Completed reload, in  0.967 seconds
Platform modules already initialized, skipping
Refreshing native plugins compatible for Editor in 0.47 ms, found 1 plugins.
Preloading 0 native plugins for Editor in 0.00 ms.
Unloading 1819 Unused Serialized files (Serialized files now loaded: 0)
System memory in use before: 85.4 MB.
System memory in use after: 85.5 MB.

Unloading 9 unused Assets to reduce memory usage. Loaded Objects now: 2310.
Total: 2.351800 ms (FindLiveObjects: 0.171500 ms CreateObjectMapping: 0.057700 ms MarkObjects: 2.014700 ms  DeleteObjects: 0.107100 ms)

========================================================================
Received Prepare
Registering precompiled user dll's ...
Registered in 0.000969 seconds.
Begin MonoManager ReloadAssembly
Native extension for LinuxStandalone target not found
Native extension for WindowsStandalone target not found
Native extension for OSXStandalone target not found
Native extension for WebGL target not found
Refreshing native plugins compatible for Editor in 0.33 ms, found 1 plugins.
Preloading 0 native plugins for Editor in 0.00 ms.
Mono: successfully reloaded assembly
- Completed reload, in  0.922 seconds
Platform modules already initialized, skipping
Refreshing native plugins compatible for Editor in 0.40 ms, found 1 plugins.
Preloading 0 native plugins for Editor in 0.00 ms.
Unloading 1819 Unused Serialized files (Serialized files now loaded: 0)
System memory in use before: 85.4 MB.
System memory in use after: 85.5 MB.

Unloading 9 unused Assets to reduce memory usage. Loaded Objects now: 2314.
Total: 2.318100 ms (FindLiveObjects: 0.178800 ms CreateObjectMapping: 0.056000 ms MarkObjects: 1.987900 ms  DeleteObjects: 0.094400 ms)

========================================================================
Received Import Request.
  Time since last request: 128.683962 seconds.
  path: Assets/Scenes/Level2.unity
  artifactKey: Guid(55a358236408d22438e266210c168511) Importer(815301076,1909f56bfc062723c751e8b465ee728b)
Start importing Assets/Scenes/Level2.unity using Guid(55a358236408d22438e266210c168511) Importer(815301076,1909f56bfc062723c751e8b465ee728b)  -> (artifact id: '4774ea8ffa6db88f880fd6e4db085964') in 0.028567 seconds
  Import took 0.032337 seconds .

========================================================================
Received Import Request.
  Time since last request: 59.501546 seconds.
  path: Assets/Scenes/Level2.unity
  artifactKey: Guid(55a358236408d22438e266210c168511) Importer(815301076,1909f56bfc062723c751e8b465ee728b)
Start importing Assets/Scenes/Level2.unity using Guid(55a358236408d22438e266210c168511) Importer(815301076,1909f56bfc062723c751e8b465ee728b)  -> (artifact id: 'ee24e72a3f167b9c6ff61de173e5416f') in 0.005757 seconds
  Import took 0.009338 seconds .

========================================================================
Received Import Request.
  Time since last request: 7.716629 seconds.
  path: Assets/Scenes/MainMenu.unity
  artifactKey: Guid(210c3e829ebd6b848a0a79b93deb7829) Importer(815301076,1909f56bfc062723c751e8b465ee728b)
Start importing Assets/Scenes/MainMenu.unity using Guid(210c3e829ebd6b848a0a79b93deb7829) Importer(815301076,1909f56bfc062723c751e8b465ee728b)  -> (artifact id: '16d43b1285e16a813a2c7c7405e0f19c') in 0.005603 seconds
  Import took 0.009512 seconds .

========================================================================
Received Prepare
Registering precompiled user dll's ...
Registered in 0.000982 seconds.
Begin MonoManager ReloadAssembly
Native extension for LinuxStandalone target not found
Native extension for WindowsStandalone target not found
Native extension for OSXStandalone target not found
Native extension for WebGL target not found
Refreshing native plugins compatible for Editor in 0.34 ms, found 1 plugins.
Preloading 0 native plugins for Editor in 0.00 ms.
Mono: successfully reloaded assembly
- Completed reload, in  0.961 seconds
Platform modules already initialized, skipping
Refreshing native plugins compatible for Editor in 0.37 ms, found 1 plugins.
Preloading 0 native plugins for Editor in 0.00 ms.
Unloading 1819 Unused Serialized files (Serialized files now loaded: 0)
System memory in use before: 85.4 MB.
System memory in use after: 85.5 MB.

Unloading 9 unused Assets to reduce memory usage. Loaded Objects now: 2318.
Total: 2.375500 ms (FindLiveObjects: 0.173700 ms CreateObjectMapping: 0.057000 ms MarkObjects: 2.057500 ms  DeleteObjects: 0.086500 ms)

========================================================================
Received Prepare
Registering precompiled user dll's ...
Registered in 0.000909 seconds.
Begin MonoManager ReloadAssembly
Native extension for LinuxStandalone target not found
Native extension for WindowsStandalone target not found
Native extension for OSXStandalone target not found
Native extension for WebGL target not found
Refreshing native plugins compatible for Editor in 0.39 ms, found 1 plugins.
Preloading 0 native plugins for Editor in 0.00 ms.
Mono: successfully reloaded assembly
- Completed reload, in  0.953 seconds
Platform modules already initialized, skipping
Refreshing native plugins compatible for Editor in 0.37 ms, found 1 plugins.
Preloading 0 native plugins for Editor in 0.00 ms.
Unloading 1819 Unused Serialized files (Serialized files now loaded: 0)
System memory in use before: 85.4 MB.
System memory in use after: 85.5 MB.

Unloading 9 unused Assets to reduce memory usage. Loaded Objects now: 2322.
Total: 2.473300 ms (FindLiveObjects: 0.212900 ms CreateObjectMapping: 0.082400 ms MarkObjects: 2.060000 ms  DeleteObjects: 0.116800 ms)

========================================================================
Received Prepare
Registering precompiled user dll's ...
Registered in 0.001306 seconds.
Begin MonoManager ReloadAssembly
Native extension for LinuxStandalone target not found
Native extension for WindowsStandalone target not found
Native extension for OSXStandalone target not found
Native extension for WebGL target not found
Refreshing native plugins compatible for Editor in 0.36 ms, found 1 plugins.
Preloading 0 native plugins for Editor in 0.00 ms.
Mono: successfully reloaded assembly
- Completed reload, in  0.969 seconds
Platform modules already initialized, skipping
Refreshing native plugins compatible for Editor in 0.41 ms, found 1 plugins.
Preloading 0 native plugins for Editor in 0.00 ms.
Unloading 1819 Unused Serialized files (Serialized files now loaded: 0)
System memory in use before: 85.5 MB.
System memory in use after: 85.5 MB.

Unloading 9 unused Assets to reduce memory usage. Loaded Objects now: 2326.
Total: 2.205400 ms (FindLiveObjects: 0.236000 ms CreateObjectMapping: 0.072500 ms MarkObjects: 1.795700 ms  DeleteObjects: 0.099400 ms)

========================================================================
Received Import Request.
  Time since last request: 41.799139 seconds.
  path: Assets/Scenes/Level2.unity
  artifactKey: Guid(55a358236408d22438e266210c168511) Importer(815301076,1909f56bfc062723c751e8b465ee728b)
Start importing Assets/Scenes/Level2.unity using Guid(55a358236408d22438e266210c168511) Importer(815301076,1909f56bfc062723c751e8b465ee728b)  -> (artifact id: '059f780d5c3e6bf3f1aa8ab6d1f8a8de') in 0.016373 seconds
  Import took 0.019352 seconds .

========================================================================
Received Import Request.
  Time since last request: 23.864348 seconds.
  path: Assets/Scripts/PauseMenuController.cs
  artifactKey: Guid(0fabe274f3b4ba945a446fee026b37bc) Importer(815301076,1909f56bfc062723c751e8b465ee728b)
Start importing Assets/Scripts/PauseMenuController.cs using Guid(0fabe274f3b4ba945a446fee026b37bc) Importer(815301076,1909f56bfc062723c751e8b465ee728b)  -> (artifact id: '8641e7be82dbf55a8475dfc23a0780df') in 0.037104 seconds
  Import took 0.041863 seconds .

========================================================================
Received Import Request.
  Time since last request: 7.677044 seconds.
  path: Assets/Scenes/Level2.unity
  artifactKey: Guid(55a358236408d22438e266210c168511) Importer(815301076,1909f56bfc062723c751e8b465ee728b)
Start importing Assets/Scenes/Level2.unity using Guid(55a358236408d22438e266210c168511) Importer(815301076,1909f56bfc062723c751e8b465ee728b)  -> (artifact id: 'db87d928ce289f860a125622c9ee38ad') in 0.005513 seconds
  Import took 0.009051 seconds .

========================================================================
Received Prepare
Registering precompiled user dll's ...
Registered in 0.000911 seconds.
Begin MonoManager ReloadAssembly
Native extension for LinuxStandalone target not found
Native extension for WindowsStandalone target not found
Native extension for OSXStandalone target not found
Native extension for WebGL target not found
Refreshing native plugins compatible for Editor in 0.34 ms, found 1 plugins.
Preloading 0 native plugins for Editor in 0.00 ms.
Mono: successfully reloaded assembly
- Completed reload, in  0.954 seconds
Platform modules already initialized, skipping
Refreshing native plugins compatible for Editor in 0.38 ms, found 1 plugins.
Preloading 0 native plugins for Editor in 0.00 ms.
Unloading 1819 Unused Serialized files (Serialized files now loaded: 0)
System memory in use before: 85.5 MB.
System memory in use after: 85.5 MB.

Unloading 9 unused Assets to reduce memory usage. Loaded Objects now: 2330.
Total: 2.096200 ms (FindLiveObjects: 0.153300 ms CreateObjectMapping: 0.062100 ms MarkObjects: 1.787600 ms  DeleteObjects: 0.092400 ms)

========================================================================
Received Import Request.
  Time since last request: 74.262158 seconds.
  path: Assets/Scenes/Level2.unity
  artifactKey: Guid(55a358236408d22438e266210c168511) Importer(815301076,1909f56bfc062723c751e8b465ee728b)
Start importing Assets/Scenes/Level2.unity using Guid(55a358236408d22438e266210c168511) Importer(815301076,1909f56bfc062723c751e8b465ee728b)  -> (artifact id: '0319af20a44cb8cdf4d034e74f3c91d3') in 0.014712 seconds
  Import took 0.018967 seconds .

========================================================================
Received Import Request.
  Time since last request: 0.000755 seconds.
  path: Assets/Scenes/Level2.unity
  artifactKey: Guid(55a358236408d22438e266210c168511) Importer(815301076,1909f56bfc062723c751e8b465ee728b)
Start importing Assets/Scenes/Level2.unity using Guid(55a358236408d22438e266210c168511) Importer(815301076,1909f56bfc062723c751e8b465ee728b)  -> (artifact id: '0319af20a44cb8cdf4d034e74f3c91d3') in 0.005221 seconds
  Import took 0.010086 seconds .

========================================================================
Received Prepare
Registering precompiled user dll's ...
Registered in 0.000977 seconds.
Begin MonoManager ReloadAssembly
Native extension for LinuxStandalone target not found
Native extension for WindowsStandalone target not found
Native extension for OSXStandalone target not found
Native extension for WebGL target not found
Refreshing native plugins compatible for Editor in 0.35 ms, found 1 plugins.
Preloading 0 native plugins for Editor in 0.00 ms.
Mono: successfully reloaded assembly
- Completed reload, in  0.949 seconds
Platform modules already initialized, skipping
Refreshing native plugins compatible for Editor in 0.37 ms, found 1 plugins.
Preloading 0 native plugins for Editor in 0.00 ms.
Unloading 1819 Unused Serialized files (Serialized files now loaded: 0)
System memory in use before: 85.5 MB.
System memory in use after: 85.6 MB.

Unloading 9 unused Assets to reduce memory usage. Loaded Objects now: 2334.
Total: 3.078300 ms (FindLiveObjects: 0.165600 ms CreateObjectMapping: 0.064200 ms MarkObjects: 2.722400 ms  DeleteObjects: 0.124900 ms)

========================================================================
Received Import Request.
  Time since last request: 29.283002 seconds.
  path: Assets/Scenes/Level2.unity
  artifactKey: Guid(55a358236408d22438e266210c168511) Importer(815301076,1909f56bfc062723c751e8b465ee728b)
Start importing Assets/Scenes/Level2.unity using Guid(55a358236408d22438e266210c168511) Importer(815301076,1909f56bfc062723c751e8b465ee728b)  -> (artifact id: 'cd3f6f81bedb6a8285a1054063d5b1d5') in 0.014115 seconds
  Import took 0.017486 seconds .

========================================================================
Received Prepare
Registering precompiled user dll's ...
Registered in 0.000971 seconds.
Begin MonoManager ReloadAssembly
Native extension for LinuxStandalone target not found
Native extension for WindowsStandalone target not found
Native extension for OSXStandalone target not found
Native extension for WebGL target not found
Refreshing native plugins compatible for Editor in 0.34 ms, found 1 plugins.
Preloading 0 native plugins for Editor in 0.00 ms.
Mono: successfully reloaded assembly
- Completed reload, in  0.947 seconds
Platform modules already initialized, skipping
Refreshing native plugins compatible for Editor in 0.57 ms, found 1 plugins.
Preloading 0 native plugins for Editor in 0.00 ms.
Unloading 1819 Unused Serialized files (Serialized files now loaded: 0)
System memory in use before: 85.5 MB.
System memory in use after: 85.6 MB.

Unloading 9 unused Assets to reduce memory usage. Loaded Objects now: 2338.
Total: 2.313800 ms (FindLiveObjects: 0.150300 ms CreateObjectMapping: 0.059100 ms MarkObjects: 1.999000 ms  DeleteObjects: 0.104300 ms)

========================================================================
Received Prepare
Registering precompiled user dll's ...
Registered in 0.000972 seconds.
Begin MonoManager ReloadAssembly
Native extension for LinuxStandalone target not found
Native extension for WindowsStandalone target not found
Native extension for OSXStandalone target not found
Native extension for WebGL target not found
Refreshing native plugins compatible for Editor in 0.72 ms, found 1 plugins.
Preloading 0 native plugins for Editor in 0.00 ms.
Mono: successfully reloaded assembly
- Completed reload, in  0.980 seconds
Platform modules already initialized, skipping
Refreshing native plugins compatible for Editor in 0.47 ms, found 1 plugins.
Preloading 0 native plugins for Editor in 0.00 ms.
Unloading 1819 Unused Serialized files (Serialized files now loaded: 0)
System memory in use before: 85.5 MB.
System memory in use after: 85.6 MB.

Unloading 9 unused Assets to reduce memory usage. Loaded Objects now: 2342.
Total: 2.178400 ms (FindLiveObjects: 0.148700 ms CreateObjectMapping: 0.057300 ms MarkObjects: 1.883400 ms  DeleteObjects: 0.088300 ms)

========================================================================
Received Prepare
Registering precompiled user dll's ...
Registered in 0.000999 seconds.
Begin MonoManager ReloadAssembly
Native extension for LinuxStandalone target not found
Native extension for WindowsStandalone target not found
Native extension for OSXStandalone target not found
Native extension for WebGL target not found
Refreshing native plugins compatible for Editor in 0.36 ms, found 1 plugins.
Preloading 0 native plugins for Editor in 0.00 ms.
Mono: successfully reloaded assembly
- Completed reload, in  0.966 seconds
Platform modules already initialized, skipping
Refreshing native plugins compatible for Editor in 0.39 ms, found 1 plugins.
Preloading 0 native plugins for Editor in 0.00 ms.
Unloading 1819 Unused Serialized files (Serialized files now loaded: 0)
System memory in use before: 85.5 MB.
System memory in use after: 85.6 MB.

Unloading 9 unused Assets to reduce memory usage. Loaded Objects now: 2346.
Total: 2.275500 ms (FindLiveObjects: 0.162600 ms CreateObjectMapping: 0.053900 ms MarkObjects: 1.973900 ms  DeleteObjects: 0.084200 ms)

========================================================================
Received Prepare
Registering precompiled user dll's ...
Registered in 0.000994 seconds.
Begin MonoManager ReloadAssembly
Native extension for LinuxStandalone target not found
Native extension for WindowsStandalone target not found
Native extension for OSXStandalone target not found
Native extension for WebGL target not found
Refreshing native plugins compatible for Editor in 0.35 ms, found 1 plugins.
Preloading 0 native plugins for Editor in 0.00 ms.
Mono: successfully reloaded assembly
- Completed reload, in  1.054 seconds
Platform modules already initialized, skipping
Refreshing native plugins compatible for Editor in 0.43 ms, found 1 plugins.
Preloading 0 native plugins for Editor in 0.00 ms.
Unloading 1819 Unused Serialized files (Serialized files now loaded: 0)
System memory in use before: 85.5 MB.
System memory in use after: 85.6 MB.

Unloading 9 unused Assets to reduce memory usage. Loaded Objects now: 2350.
Total: 2.568500 ms (FindLiveObjects: 0.174200 ms CreateObjectMapping: 0.066300 ms MarkObjects: 2.229000 ms  DeleteObjects: 0.097800 ms)

========================================================================
Received Prepare
Registering precompiled user dll's ...
Registered in 0.001223 seconds.
Begin MonoManager ReloadAssembly
Native extension for LinuxStandalone target not found
Native extension for WindowsStandalone target not found
Native extension for OSXStandalone target not found
Native extension for WebGL target not found
Refreshing native plugins compatible for Editor in 0.33 ms, found 1 plugins.
Preloading 0 native plugins for Editor in 0.00 ms.
Mono: successfully reloaded assembly
- Completed reload, in  0.928 seconds
Platform modules already initialized, skipping
Refreshing native plugins compatible for Editor in 0.39 ms, found 1 plugins.
Preloading 0 native plugins for Editor in 0.00 ms.
Unloading 1819 Unused Serialized files (Serialized files now loaded: 0)
System memory in use before: 85.5 MB.
System memory in use after: 85.6 MB.

Unloading 9 unused Assets to reduce memory usage. Loaded Objects now: 2354.
Total: 2.170600 ms (FindLiveObjects: 0.171800 ms CreateObjectMapping: 0.051800 ms MarkObjects: 1.834500 ms  DeleteObjects: 0.111600 ms)

========================================================================
Received Prepare
Registering precompiled user dll's ...
Registered in 0.000998 seconds.
Begin MonoManager ReloadAssembly
Native extension for LinuxStandalone target not found
Native extension for WindowsStandalone target not found
Native extension for OSXStandalone target not found
Native extension for WebGL target not found
Refreshing native plugins compatible for Editor in 0.35 ms, found 1 plugins.
Preloading 0 native plugins for Editor in 0.00 ms.
Mono: successfully reloaded assembly
- Completed reload, in  0.998 seconds
Platform modules already initialized, skipping
Refreshing native plugins compatible for Editor in 0.38 ms, found 1 plugins.
Preloading 0 native plugins for Editor in 0.00 ms.
Unloading 1819 Unused Serialized files (Serialized files now loaded: 0)
System memory in use before: 85.6 MB.
System memory in use after: 85.6 MB.

Unloading 9 unused Assets to reduce memory usage. Loaded Objects now: 2358.
Total: 2.330400 ms (FindLiveObjects: 0.173800 ms CreateObjectMapping: 0.059300 ms MarkObjects: 1.983900 ms  DeleteObjects: 0.112400 ms)

========================================================================
Received Prepare
Registering precompiled user dll's ...
Registered in 0.001005 seconds.
Begin MonoManager ReloadAssembly
Native extension for LinuxStandalone target not found
Native extension for WindowsStandalone target not found
Native extension for OSXStandalone target not found
Native extension for WebGL target not found
Refreshing native plugins compatible for Editor in 0.35 ms, found 1 plugins.
Preloading 0 native plugins for Editor in 0.00 ms.
Mono: successfully reloaded assembly
- Completed reload, in  0.956 seconds
Platform modules already initialized, skipping
Refreshing native plugins compatible for Editor in 0.40 ms, found 1 plugins.
Preloading 0 native plugins for Editor in 0.00 ms.
Unloading 1819 Unused Serialized files (Serialized files now loaded: 0)
System memory in use before: 85.6 MB.
System memory in use after: 85.6 MB.

Unloading 9 unused Assets to reduce memory usage. Loaded Objects now: 2362.
Total: 2.055500 ms (FindLiveObjects: 0.169100 ms CreateObjectMapping: 0.055100 ms MarkObjects: 1.724900 ms  DeleteObjects: 0.105400 ms)

========================================================================
Received Prepare
Registering precompiled user dll's ...
Registered in 0.001761 seconds.
Begin MonoManager ReloadAssembly
Native extension for LinuxStandalone target not found
Native extension for WindowsStandalone target not found
Native extension for OSXStandalone target not found
Native extension for WebGL target not found
Refreshing native plugins compatible for Editor in 0.51 ms, found 1 plugins.
Preloading 0 native plugins for Editor in 0.00 ms.
Mono: successfully reloaded assembly
- Completed reload, in  0.933 seconds
Platform modules already initialized, skipping
Refreshing native plugins compatible for Editor in 0.38 ms, found 1 plugins.
Preloading 0 native plugins for Editor in 0.00 ms.
Unloading 1819 Unused Serialized files (Serialized files now loaded: 0)
System memory in use before: 85.6 MB.
System memory in use after: 85.6 MB.

Unloading 9 unused Assets to reduce memory usage. Loaded Objects now: 2366.
Total: 2.560800 ms (FindLiveObjects: 0.176800 ms CreateObjectMapping: 0.059500 ms MarkObjects: 2.201300 ms  DeleteObjects: 0.122000 ms)

========================================================================
Received Prepare
Registering precompiled user dll's ...
Registered in 0.000928 seconds.
Begin MonoManager ReloadAssembly
Native extension for LinuxStandalone target not found
Native extension for WindowsStandalone target not found
Native extension for OSXStandalone target not found
Native extension for WebGL target not found
Refreshing native plugins compatible for Editor in 0.34 ms, found 1 plugins.
Preloading 0 native plugins for Editor in 0.00 ms.
Mono: successfully reloaded assembly
- Completed reload, in  0.937 seconds
Platform modules already initialized, skipping
Refreshing native plugins compatible for Editor in 0.38 ms, found 1 plugins.
Preloading 0 native plugins for Editor in 0.00 ms.
Unloading 1819 Unused Serialized files (Serialized files now loaded: 0)
System memory in use before: 85.6 MB.
System memory in use after: 85.6 MB.

Unloading 9 unused Assets to reduce memory usage. Loaded Objects now: 2370.
Total: 2.383700 ms (FindLiveObjects: 0.209800 ms CreateObjectMapping: 0.083300 ms MarkObjects: 1.974400 ms  DeleteObjects: 0.114900 ms)

========================================================================
Received Prepare
Registering precompiled user dll's ...
Registered in 0.001023 seconds.
Begin MonoManager ReloadAssembly
Native extension for LinuxStandalone target not found
Native extension for WindowsStandalone target not found
Native extension for OSXStandalone target not found
Native extension for WebGL target not found
Refreshing native plugins compatible for Editor in 0.37 ms, found 1 plugins.
Preloading 0 native plugins for Editor in 0.00 ms.
Mono: successfully reloaded assembly
- Completed reload, in  0.954 seconds
Platform modules already initialized, skipping
Refreshing native plugins compatible for Editor in 0.40 ms, found 1 plugins.
Preloading 0 native plugins for Editor in 0.00 ms.
Unloading 1819 Unused Serialized files (Serialized files now loaded: 0)
System memory in use before: 85.6 MB.
System memory in use after: 85.7 MB.

Unloading 9 unused Assets to reduce memory usage. Loaded Objects now: 2374.
Total: 2.356600 ms (FindLiveObjects: 0.164600 ms CreateObjectMapping: 0.052400 ms MarkObjects: 2.050000 ms  DeleteObjects: 0.088900 ms)

========================================================================
Received Import Request.
  Time since last request: 979.088957 seconds.
  path: Assets/Scenes/MainMenu.unity
  artifactKey: Guid(210c3e829ebd6b848a0a79b93deb7829) Importer(815301076,1909f56bfc062723c751e8b465ee728b)
Start importing Assets/Scenes/MainMenu.unity using Guid(210c3e829ebd6b848a0a79b93deb7829) Importer(815301076,1909f56bfc062723c751e8b465ee728b)  -> (artifact id: 'be6f6bee32c53e1e2c8dac97de4d106e') in 0.029926 seconds
  Import took 0.033711 seconds .

========================================================================
Received Prepare
Registering precompiled user dll's ...
Registered in 0.001031 seconds.
Begin MonoManager ReloadAssembly
Native extension for LinuxStandalone target not found
Native extension for WindowsStandalone target not found
Native extension for OSXStandalone target not found
Native extension for WebGL target not found
Refreshing native plugins compatible for Editor in 0.36 ms, found 1 plugins.
Preloading 0 native plugins for Editor in 0.00 ms.
Mono: successfully reloaded assembly
- Completed reload, in  0.955 seconds
Platform modules already initialized, skipping
Refreshing native plugins compatible for Editor in 0.34 ms, found 1 plugins.
Preloading 0 native plugins for Editor in 0.00 ms.
Unloading 1819 Unused Serialized files (Serialized files now loaded: 0)
System memory in use before: 85.6 MB.
System memory in use after: 85.7 MB.

Unloading 9 unused Assets to reduce memory usage. Loaded Objects now: 2378.
Total: 2.293000 ms (FindLiveObjects: 0.206300 ms CreateObjectMapping: 0.063100 ms MarkObjects: 1.941200 ms  DeleteObjects: 0.081400 ms)

========================================================================
Received Import Request.
  Time since last request: 53.884322 seconds.
  path: Assets/Scenes/Level2.unity
  artifactKey: Guid(55a358236408d22438e266210c168511) Importer(815301076,1909f56bfc062723c751e8b465ee728b)
Start importing Assets/Scenes/Level2.unity using Guid(55a358236408d22438e266210c168511) Importer(815301076,1909f56bfc062723c751e8b465ee728b)  -> (artifact id: '1d6fdd2b4a081d20058e28a24b971eb9') in 0.027216 seconds
  Import took 0.030559 seconds .

========================================================================
Received Import Request.
  Time since last request: 14.935984 seconds.
  path: Assets/Scenes/Level1.unity
  artifactKey: Guid(2cda990e2423bbf4892e6590ba056729) Importer(815301076,1909f56bfc062723c751e8b465ee728b)
Start importing Assets/Scenes/Level1.unity using Guid(2cda990e2423bbf4892e6590ba056729) Importer(815301076,1909f56bfc062723c751e8b465ee728b)  -> (artifact id: '29a4980558aaa765e84bbc57e4e00d89') in 0.005610 seconds
  Import took 0.009885 seconds .

========================================================================
Received Prepare
Registering precompiled user dll's ...
Registered in 0.000915 seconds.
Begin MonoManager ReloadAssembly
Native extension for LinuxStandalone target not found
Native extension for WindowsStandalone target not found
Native extension for OSXStandalone target not found
Native extension for WebGL target not found
Refreshing native plugins compatible for Editor in 0.33 ms, found 1 plugins.
Preloading 0 native plugins for Editor in 0.00 ms.
Mono: successfully reloaded assembly
- Completed reload, in  0.919 seconds
Platform modules already initialized, skipping
Refreshing native plugins compatible for Editor in 0.38 ms, found 1 plugins.
Preloading 0 native plugins for Editor in 0.00 ms.
Unloading 1819 Unused Serialized files (Serialized files now loaded: 0)
System memory in use before: 85.6 MB.
System memory in use after: 85.7 MB.

Unloading 9 unused Assets to reduce memory usage. Loaded Objects now: 2382.
Total: 2.399700 ms (FindLiveObjects: 0.169700 ms CreateObjectMapping: 0.063400 ms MarkObjects: 2.068700 ms  DeleteObjects: 0.096900 ms)

========================================================================
Received Prepare
Refreshing native plugins compatible for Editor in 2.15 ms, found 1 plugins.
Preloading 0 native plugins for Editor in 0.00 ms.
Unloading 7 Unused Serialized files (Serialized files now loaded: 0)
System memory in use before: 49.8 MB.
System memory in use after: 49.9 MB.

Unloading 7 unused Assets to reduce memory usage. Loaded Objects now: 2382.
Total: 2.751800 ms (FindLiveObjects: 0.404700 ms CreateObjectMapping: 0.141100 ms MarkObjects: 2.130600 ms  DeleteObjects: 0.074100 ms)

========================================================================
Received Prepare
Registering precompiled user dll's ...
Registered in 0.001112 seconds.
Begin MonoManager ReloadAssembly
Native extension for LinuxStandalone target not found
Native extension for WindowsStandalone target not found
Native extension for OSXStandalone target not found
Native extension for WebGL target not found
Refreshing native plugins compatible for Editor in 0.90 ms, found 1 plugins.
Preloading 0 native plugins for Editor in 0.00 ms.
Mono: successfully reloaded assembly
- Completed reload, in  0.949 seconds
Platform modules already initialized, skipping
Refreshing native plugins compatible for Editor in 0.39 ms, found 1 plugins.
Preloading 0 native plugins for Editor in 0.00 ms.
Unloading 1819 Unused Serialized files (Serialized files now loaded: 0)
System memory in use before: 85.6 MB.
System memory in use after: 85.7 MB.

Unloading 9 unused Assets to reduce memory usage. Loaded Objects now: 2386.
Total: 2.288200 ms (FindLiveObjects: 0.256400 ms CreateObjectMapping: 0.057300 ms MarkObjects: 1.874900 ms  DeleteObjects: 0.098700 ms)

========================================================================
Received Prepare
Registering precompiled user dll's ...
Registered in 0.001347 seconds.
Begin MonoManager ReloadAssembly
Native extension for LinuxStandalone target not found
Native extension for WindowsStandalone target not found
Native extension for OSXStandalone target not found
Native extension for WebGL target not found
Refreshing native plugins compatible for Editor in 0.35 ms, found 1 plugins.
Preloading 0 native plugins for Editor in 0.00 ms.
Mono: successfully reloaded assembly
- Completed reload, in  1.009 seconds
Platform modules already initialized, skipping
Refreshing native plugins compatible for Editor in 0.38 ms, found 1 plugins.
Preloading 0 native plugins for Editor in 0.00 ms.
Unloading 1819 Unused Serialized files (Serialized files now loaded: 0)
System memory in use before: 85.6 MB.
System memory in use after: 85.7 MB.

Unloading 9 unused Assets to reduce memory usage. Loaded Objects now: 2390.
Total: 2.369500 ms (FindLiveObjects: 0.170700 ms CreateObjectMapping: 0.057200 ms MarkObjects: 2.035500 ms  DeleteObjects: 0.105000 ms)

========================================================================
Received Prepare
Registering precompiled user dll's ...
Registered in 0.001272 seconds.
Begin MonoManager ReloadAssembly
Native extension for LinuxStandalone target not found
Native extension for WindowsStandalone target not found
Native extension for OSXStandalone target not found
Native extension for WebGL target not found
Refreshing native plugins compatible for Editor in 0.35 ms, found 1 plugins.
Preloading 0 native plugins for Editor in 0.00 ms.
Mono: successfully reloaded assembly
- Completed reload, in  0.976 seconds
Platform modules already initialized, skipping
Refreshing native plugins compatible for Editor in 0.38 ms, found 1 plugins.
Preloading 0 native plugins for Editor in 0.00 ms.
Unloading 1819 Unused Serialized files (Serialized files now loaded: 0)
System memory in use before: 85.6 MB.
System memory in use after: 85.7 MB.

Unloading 9 unused Assets to reduce memory usage. Loaded Objects now: 2394.
Total: 3.348300 ms (FindLiveObjects: 0.174200 ms CreateObjectMapping: 0.062200 ms MarkObjects: 3.001900 ms  DeleteObjects: 0.108900 ms)

