Using pre-set license
Built from '2020.3/staging' branch; Version is '2020.3.9f1 (108be757e447) revision 1084391'; Using compiler version '192528614'; Build Type 'Release'
OS: 'Windows 10 Home; OS build 19042.1052; Version 2009; 64bit' Language: 'de' Physical Memory: 16268 MB
BatchMode: 1, IsHumanControllingUs: 0, StartBugReporterOnCrash: 0, Is64bit: 1, IsPro: 0

 COMMAND LINE ARGUMENTS:
C:\Program Files\Unity\Hub\Editor\2020.3.9f1\Editor\Unity.exe
-adb2
-batchMode
-noUpm
-name
AssetImportWorker0
-projectPath
C:/Users/monic/Desktop/MMP/mmp-abschlussprojekt/Silva
-logFile
Logs/AssetImportWorker0.log
-srvPort
51992
Successfully changed project path to: C:/Users/monic/Desktop/MMP/mmp-abschlussprojekt/Silva
C:/Users/monic/Desktop/MMP/mmp-abschlussprojekt/Silva
Using Asset Import Pipeline V2.
Refreshing native plugins compatible for Editor in 52.05 ms, found 1 plugins.
Preloading 0 native plugins for Editor in 0.00 ms.
Initialize engine version: 2020.3.9f1 (108be757e447)
[Subsystems] Discovering subsystems at path C:/Program Files/Unity/Hub/Editor/2020.3.9f1/Editor/Data/Resources/UnitySubsystems
[Subsystems] Discovering subsystems at path C:/Users/monic/Desktop/MMP/mmp-abschlussprojekt/Silva/Assets
GfxDevice: creating device client; threaded=0
Direct3D:
    Version:  Direct3D 11.0 [level 11.1]
    Renderer: NVIDIA GeForce MX150 (ID=0x1d10)
    Vendor:   
    VRAM:     1983 MB
    Driver:   27.21.14.5167
Initialize mono
Mono path[0] = 'C:/Program Files/Unity/Hub/Editor/2020.3.9f1/Editor/Data/Managed'
Mono path[1] = 'C:/Program Files/Unity/Hub/Editor/2020.3.9f1/Editor/Data/MonoBleedingEdge/lib/mono/unityjit'
Mono config path = 'C:/Program Files/Unity/Hub/Editor/2020.3.9f1/Editor/Data/MonoBleedingEdge/etc'
Using monoOptions --debugger-agent=transport=dt_socket,embedding=1,server=y,suspend=n,address=127.0.0.1:56620
Begin MonoManager ReloadAssembly
Registering precompiled unity dll's ...
Register platform support module: C:/Program Files/Unity/Hub/Editor/2020.3.9f1/Editor/Data/PlaybackEngines/WebGLSupport/UnityEditor.WebGL.Extensions.dll
Register platform support module: C:/Program Files/Unity/Hub/Editor/2020.3.9f1/Editor/Data/PlaybackEngines/MacStandaloneSupport/UnityEditor.OSXStandalone.Extensions.dll
Register platform support module: C:/Program Files/Unity/Hub/Editor/2020.3.9f1/Editor/Data/PlaybackEngines/WindowsStandaloneSupport/UnityEditor.WindowsStandalone.Extensions.dll
Register platform support module: C:/Program Files/Unity/Hub/Editor/2020.3.9f1/Editor/Data/PlaybackEngines/LinuxStandaloneSupport/UnityEditor.LinuxStandalone.Extensions.dll
Registered in 0.004843 seconds.
Native extension for LinuxStandalone target not found
Native extension for WindowsStandalone target not found
Native extension for OSXStandalone target not found
Native extension for WebGL target not found
Refreshing native plugins compatible for Editor in 48.16 ms, found 1 plugins.
Preloading 0 native plugins for Editor in 0.00 ms.
Mono: successfully reloaded assembly
- Completed reload, in  1.789 seconds
Platform modules already initialized, skipping
Registering precompiled user dll's ...
Registered in 0.001079 seconds.
Begin MonoManager ReloadAssembly
Native extension for LinuxStandalone target not found
Native extension for WindowsStandalone target not found
Native extension for OSXStandalone target not found
Native extension for WebGL target not found
Refreshing native plugins compatible for Editor in 53.33 ms, found 1 plugins.
Preloading 0 native plugins for Editor in 0.00 ms.
Mono: successfully reloaded assembly
- Completed reload, in  1.337 seconds
Platform modules already initialized, skipping
========================================================================
Worker process is ready to serve import requests
Launched and connected shader compiler UnityShaderCompiler.exe after 0.08 seconds
Refreshing native plugins compatible for Editor in 0.41 ms, found 1 plugins.
Preloading 0 native plugins for Editor in 0.00 ms.
Unloading 1822 Unused Serialized files (Serialized files now loaded: 0)
System memory in use before: 85.4 MB.
System memory in use after: 85.4 MB.

Unloading 21 unused Assets to reduce memory usage. Loaded Objects now: 2269.
Total: 4.552900 ms (FindLiveObjects: 0.152200 ms CreateObjectMapping: 0.056900 ms MarkObjects: 4.145300 ms  DeleteObjects: 0.196500 ms)

========================================================================
Received Import Request.
  path: Assets/Prefabs/CrystalSpawner.prefab
  artifactKey: Guid(5cac076b085ec0e48b517da4ca82f1a1) Importer(815301076,1909f56bfc062723c751e8b465ee728b)
Start importing Assets/Prefabs/CrystalSpawner.prefab using Guid(5cac076b085ec0e48b517da4ca82f1a1) Importer(815301076,1909f56bfc062723c751e8b465ee728b)  -> (artifact id: '8869853a384de293e7b2d2934a7f8140') in 0.101317 seconds
  Import took 0.106093 seconds .

========================================================================
Received Prepare
Registering precompiled user dll's ...
Registered in 0.001338 seconds.
Begin MonoManager ReloadAssembly
Native extension for LinuxStandalone target not found
Native extension for WindowsStandalone target not found
Native extension for OSXStandalone target not found
Native extension for WebGL target not found
Refreshing native plugins compatible for Editor in 0.42 ms, found 1 plugins.
Preloading 0 native plugins for Editor in 0.00 ms.
Mono: successfully reloaded assembly
- Completed reload, in  1.066 seconds
Platform modules already initialized, skipping
Refreshing native plugins compatible for Editor in 0.57 ms, found 1 plugins.
Preloading 0 native plugins for Editor in 0.00 ms.
Unloading 1814 Unused Serialized files (Serialized files now loaded: 0)
System memory in use before: 85.1 MB.
System memory in use after: 85.1 MB.

Unloading 9 unused Assets to reduce memory usage. Loaded Objects now: 2273.
Total: 2.194300 ms (FindLiveObjects: 0.168500 ms CreateObjectMapping: 0.071100 ms MarkObjects: 1.860600 ms  DeleteObjects: 0.092800 ms)

========================================================================
Received Import Request.
  Time since last request: 1427.017118 seconds.
  path: Assets/Sprites/Ground/Tiles/Deckenbegrenzung.asset
  artifactKey: Guid(d0e50cf293453a9488fba9233ce62851) Importer(815301076,1909f56bfc062723c751e8b465ee728b)
Start importing Assets/Sprites/Ground/Tiles/Deckenbegrenzung.asset using Guid(d0e50cf293453a9488fba9233ce62851) Importer(815301076,1909f56bfc062723c751e8b465ee728b)  -> (artifact id: '1036919169c99c94a3bb8f86f2def036') in 0.140463 seconds
  Import took 0.145775 seconds .

========================================================================
Received Import Request.
  Time since last request: 0.000452 seconds.
  path: Assets/Sprites/Ground/Tiles/New Palette.prefab
  artifactKey: Guid(0721b4b7e3b0c014fa8d27ebb6df0b65) Importer(815301076,1909f56bfc062723c751e8b465ee728b)
Start importing Assets/Sprites/Ground/Tiles/New Palette.prefab using Guid(0721b4b7e3b0c014fa8d27ebb6df0b65) Importer(815301076,1909f56bfc062723c751e8b465ee728b)  -> (artifact id: 'd58329a75f732260d64872646a5b9ba1') in 0.027788 seconds
  Import took 0.031968 seconds .

========================================================================
Received Import Request.
  Time since last request: 72.130529 seconds.
  path: Assets/Sprites/Ground/Tiles/New Palette.prefab
  artifactKey: Guid(0721b4b7e3b0c014fa8d27ebb6df0b65) Importer(815301076,1909f56bfc062723c751e8b465ee728b)
Start importing Assets/Sprites/Ground/Tiles/New Palette.prefab using Guid(0721b4b7e3b0c014fa8d27ebb6df0b65) Importer(815301076,1909f56bfc062723c751e8b465ee728b)  -> (artifact id: '66a091932cd5e30e98f0439c1a4c9244') in 0.007541 seconds
  Import took 0.012429 seconds .

========================================================================
Received Import Request.
  Time since last request: 3.367865 seconds.
  path: Assets/Sprites/Ground/Tiles/New Palette.prefab
  artifactKey: Guid(0721b4b7e3b0c014fa8d27ebb6df0b65) Importer(815301076,1909f56bfc062723c751e8b465ee728b)
Start importing Assets/Sprites/Ground/Tiles/New Palette.prefab using Guid(0721b4b7e3b0c014fa8d27ebb6df0b65) Importer(815301076,1909f56bfc062723c751e8b465ee728b)  -> (artifact id: 'e2877d75d19d3f2e655db24782ee969a') in 0.006164 seconds
  Import took 0.010414 seconds .

========================================================================
Received Import Request.
  Time since last request: 17.247854 seconds.
  path: Assets/Sprites/Ground/Tiles/New Palette.prefab
  artifactKey: Guid(0721b4b7e3b0c014fa8d27ebb6df0b65) Importer(815301076,1909f56bfc062723c751e8b465ee728b)
Start importing Assets/Sprites/Ground/Tiles/New Palette.prefab using Guid(0721b4b7e3b0c014fa8d27ebb6df0b65) Importer(815301076,1909f56bfc062723c751e8b465ee728b)  -> (artifact id: '1211c4ef5f2064ca3633dd6d5ed54c46') in 0.006782 seconds
  Import took 0.011247 seconds .

========================================================================
Received Import Request.
  Time since last request: 17.876330 seconds.
  path: Assets/Sprites/Ground/Tiles/New Palette.prefab
  artifactKey: Guid(0721b4b7e3b0c014fa8d27ebb6df0b65) Importer(815301076,1909f56bfc062723c751e8b465ee728b)
Start importing Assets/Sprites/Ground/Tiles/New Palette.prefab using Guid(0721b4b7e3b0c014fa8d27ebb6df0b65) Importer(815301076,1909f56bfc062723c751e8b465ee728b)  -> (artifact id: 'bd361c98a5f52c251a2114f1da310a7f') in 0.006711 seconds
  Import took 0.012086 seconds .

========================================================================
Received Import Request.
  Time since last request: 64.970123 seconds.
  path: Assets/Sprites/Ground/Tiles/Ceiling.prefab
  artifactKey: Guid(7ff3792ac926549479a3201bcce37ae6) Importer(815301076,1909f56bfc062723c751e8b465ee728b)
Start importing Assets/Sprites/Ground/Tiles/Ceiling.prefab using Guid(7ff3792ac926549479a3201bcce37ae6) Importer(815301076,1909f56bfc062723c751e8b465ee728b)  -> (artifact id: '66b2297420ef3ed69720cf7da6feaef1') in 0.018363 seconds
  Import took 0.023677 seconds .

========================================================================
Received Import Request.
  Time since last request: 0.000236 seconds.
  path: Assets/Sprites/Ground/Tiles/New Palette.prefab
  artifactKey: Guid(0721b4b7e3b0c014fa8d27ebb6df0b65) Importer(815301076,1909f56bfc062723c751e8b465ee728b)
Start importing Assets/Sprites/Ground/Tiles/New Palette.prefab using Guid(0721b4b7e3b0c014fa8d27ebb6df0b65) Importer(815301076,1909f56bfc062723c751e8b465ee728b)  -> (artifact id: 'a75f7b47334e929096ed86139c803ac8') in 0.005261 seconds
  Import took 0.010454 seconds .

========================================================================
Received Import Request.
  Time since last request: 8.570234 seconds.
  path: Assets/Sprites/Ground/Tiles/Ceiling.prefab
  artifactKey: Guid(7ff3792ac926549479a3201bcce37ae6) Importer(815301076,1909f56bfc062723c751e8b465ee728b)
Start importing Assets/Sprites/Ground/Tiles/Ceiling.prefab using Guid(7ff3792ac926549479a3201bcce37ae6) Importer(815301076,1909f56bfc062723c751e8b465ee728b)  -> (artifact id: '661fa593da7b25cf36bd556cf1c27ea9') in 0.009311 seconds
  Import took 0.014334 seconds .

========================================================================
Received Import Request.
  Time since last request: 505.495072 seconds.
  path: Assets/Scripts/CrystalController.cs
  artifactKey: Guid(4b6753b4e4df4c0459b32c7f31477cfe) Importer(815301076,1909f56bfc062723c751e8b465ee728b)
Start importing Assets/Scripts/CrystalController.cs using Guid(4b6753b4e4df4c0459b32c7f31477cfe) Importer(815301076,1909f56bfc062723c751e8b465ee728b)  -> (artifact id: '849fe860ddabe738c643aae714e00252') in 0.028599 seconds
  Import took 0.032414 seconds .

========================================================================
Received Import Request.
  Time since last request: 0.011946 seconds.
  path: Assets/Scripts/CrystalController.cs
  artifactKey: Guid(4b6753b4e4df4c0459b32c7f31477cfe) Importer(815301076,1909f56bfc062723c751e8b465ee728b)
Start importing Assets/Scripts/CrystalController.cs using Guid(4b6753b4e4df4c0459b32c7f31477cfe) Importer(815301076,1909f56bfc062723c751e8b465ee728b)  -> (artifact id: '849fe860ddabe738c643aae714e00252') in 0.004095 seconds
  Import took 0.007889 seconds .

========================================================================
Received Import Request.
  Time since last request: 2.170325 seconds.
  path: Assets/Scripts/CrystalSpwaner.cs
  artifactKey: Guid(5588cdf053985c443930e269b5211b83) Importer(815301076,1909f56bfc062723c751e8b465ee728b)
Start importing Assets/Scripts/CrystalSpwaner.cs using Guid(5588cdf053985c443930e269b5211b83) Importer(815301076,1909f56bfc062723c751e8b465ee728b)  -> (artifact id: '89323d7875937f420ea6cc8dad20b100') in 0.015752 seconds
  Import took 0.019553 seconds .

========================================================================
Received Prepare
Registering precompiled user dll's ...
Registered in 0.001055 seconds.
Begin MonoManager ReloadAssembly
Native extension for LinuxStandalone target not found
Native extension for WindowsStandalone target not found
Native extension for OSXStandalone target not found
Native extension for WebGL target not found
Refreshing native plugins compatible for Editor in 0.46 ms, found 1 plugins.
Preloading 0 native plugins for Editor in 0.00 ms.
Mono: successfully reloaded assembly
- Completed reload, in  1.175 seconds
Platform modules already initialized, skipping
Refreshing native plugins compatible for Editor in 1.34 ms, found 1 plugins.
Preloading 0 native plugins for Editor in 0.00 ms.
Unloading 1814 Unused Serialized files (Serialized files now loaded: 0)
System memory in use before: 88.2 MB.
System memory in use after: 88.2 MB.

Unloading 9 unused Assets to reduce memory usage. Loaded Objects now: 2281.
Total: 2.530900 ms (FindLiveObjects: 0.449700 ms CreateObjectMapping: 0.119900 ms MarkObjects: 1.858800 ms  DeleteObjects: 0.101100 ms)

========================================================================
Received Import Request.
  Time since last request: 171.074038 seconds.
  path: Assets/Scripts/CrystalController.cs
  artifactKey: Guid(4b6753b4e4df4c0459b32c7f31477cfe) Importer(815301076,1909f56bfc062723c751e8b465ee728b)
Start importing Assets/Scripts/CrystalController.cs using Guid(4b6753b4e4df4c0459b32c7f31477cfe) Importer(815301076,1909f56bfc062723c751e8b465ee728b)  -> (artifact id: 'a3f5cb2c854efccee8e439a38d8188bf') in 0.005935 seconds
  Import took 0.013217 seconds .

========================================================================
Received Prepare
Registering precompiled user dll's ...
Registered in 0.001008 seconds.
Begin MonoManager ReloadAssembly
Native extension for LinuxStandalone target not found
Native extension for WindowsStandalone target not found
Native extension for OSXStandalone target not found
Native extension for WebGL target not found
Refreshing native plugins compatible for Editor in 0.55 ms, found 1 plugins.
Preloading 0 native plugins for Editor in 0.00 ms.
Mono: successfully reloaded assembly
- Completed reload, in  1.150 seconds
Platform modules already initialized, skipping
Refreshing native plugins compatible for Editor in 0.58 ms, found 1 plugins.
Preloading 0 native plugins for Editor in 0.00 ms.
Unloading 1814 Unused Serialized files (Serialized files now loaded: 0)
System memory in use before: 88.2 MB.
System memory in use after: 88.3 MB.

Unloading 9 unused Assets to reduce memory usage. Loaded Objects now: 2285.
Total: 2.134500 ms (FindLiveObjects: 0.146500 ms CreateObjectMapping: 0.058000 ms MarkObjects: 1.844300 ms  DeleteObjects: 0.084700 ms)

========================================================================
Received Import Request.
  Time since last request: 104.740123 seconds.
  path: Assets/Sprites/Ground/Tiles/Ceiling.prefab
  artifactKey: Guid(7ff3792ac926549479a3201bcce37ae6) Importer(815301076,1909f56bfc062723c751e8b465ee728b)
Start importing Assets/Sprites/Ground/Tiles/Ceiling.prefab using Guid(7ff3792ac926549479a3201bcce37ae6) Importer(815301076,1909f56bfc062723c751e8b465ee728b)  -> (artifact id: '2da56c1c95b86bcbef7b708c6fe6c3ad') in 0.026511 seconds
  Import took 0.030454 seconds .

========================================================================
Received Import Request.
  Time since last request: 25.022096 seconds.
  path: Assets/Sprites/Ground/Tiles/Ceiling.prefab
  artifactKey: Guid(7ff3792ac926549479a3201bcce37ae6) Importer(815301076,1909f56bfc062723c751e8b465ee728b)
Start importing Assets/Sprites/Ground/Tiles/Ceiling.prefab using Guid(7ff3792ac926549479a3201bcce37ae6) Importer(815301076,1909f56bfc062723c751e8b465ee728b)  -> (artifact id: '33b9cfb2feef4afa3bfc4f347fc9e15b') in 0.007266 seconds
  Import took 0.013952 seconds .

========================================================================
Received Import Request.
  Time since last request: 3.383039 seconds.
  path: Assets/Sprites/Ground/Tiles/Ceiling.prefab
  artifactKey: Guid(7ff3792ac926549479a3201bcce37ae6) Importer(815301076,1909f56bfc062723c751e8b465ee728b)
Start importing Assets/Sprites/Ground/Tiles/Ceiling.prefab using Guid(7ff3792ac926549479a3201bcce37ae6) Importer(815301076,1909f56bfc062723c751e8b465ee728b)  -> (artifact id: '3cb08aac3dce5eb15b533cf06f731100') in 0.012707 seconds
  Import took 0.017448 seconds .

========================================================================
Received Import Request.
  Time since last request: 37.417166 seconds.
  path: Assets/Sprites/Ground/Tiles/Ceiling.prefab
  artifactKey: Guid(7ff3792ac926549479a3201bcce37ae6) Importer(815301076,1909f56bfc062723c751e8b465ee728b)
Start importing Assets/Sprites/Ground/Tiles/Ceiling.prefab using Guid(7ff3792ac926549479a3201bcce37ae6) Importer(815301076,1909f56bfc062723c751e8b465ee728b)  -> (artifact id: '178bf9413da2f63ca902b96b950ce03f') in 0.006583 seconds
  Import took 0.014481 seconds .

========================================================================
Received Prepare
Registering precompiled user dll's ...
Registered in 0.001128 seconds.
Begin MonoManager ReloadAssembly
Native extension for LinuxStandalone target not found
Native extension for WindowsStandalone target not found
Native extension for OSXStandalone target not found
Native extension for WebGL target not found
Refreshing native plugins compatible for Editor in 0.54 ms, found 1 plugins.
Preloading 0 native plugins for Editor in 0.00 ms.
Mono: successfully reloaded assembly
- Completed reload, in  1.192 seconds
Platform modules already initialized, skipping
Refreshing native plugins compatible for Editor in 0.46 ms, found 1 plugins.
Preloading 0 native plugins for Editor in 0.00 ms.
Unloading 1814 Unused Serialized files (Serialized files now loaded: 0)
System memory in use before: 88.2 MB.
System memory in use after: 88.3 MB.

Unloading 9 unused Assets to reduce memory usage. Loaded Objects now: 2289.
Total: 2.090000 ms (FindLiveObjects: 0.142500 ms CreateObjectMapping: 0.064600 ms MarkObjects: 1.766600 ms  DeleteObjects: 0.115400 ms)

========================================================================
Received Prepare
Registering precompiled user dll's ...
Registered in 0.001155 seconds.
Begin MonoManager ReloadAssembly
Native extension for LinuxStandalone target not found
Native extension for WindowsStandalone target not found
Native extension for OSXStandalone target not found
Native extension for WebGL target not found
Refreshing native plugins compatible for Editor in 0.41 ms, found 1 plugins.
Preloading 0 native plugins for Editor in 0.00 ms.
Mono: successfully reloaded assembly
- Completed reload, in  1.096 seconds
Platform modules already initialized, skipping
Refreshing native plugins compatible for Editor in 0.36 ms, found 1 plugins.
Preloading 0 native plugins for Editor in 0.00 ms.
Unloading 1814 Unused Serialized files (Serialized files now loaded: 0)
System memory in use before: 88.2 MB.
System memory in use after: 88.3 MB.

Unloading 9 unused Assets to reduce memory usage. Loaded Objects now: 2293.
Total: 2.701600 ms (FindLiveObjects: 0.172300 ms CreateObjectMapping: 0.053100 ms MarkObjects: 2.374000 ms  DeleteObjects: 0.101200 ms)

========================================================================
Received Prepare
Registering precompiled user dll's ...
Registered in 0.001404 seconds.
Begin MonoManager ReloadAssembly
Native extension for LinuxStandalone target not found
Native extension for WindowsStandalone target not found
Native extension for OSXStandalone target not found
Native extension for WebGL target not found
Refreshing native plugins compatible for Editor in 0.36 ms, found 1 plugins.
Preloading 0 native plugins for Editor in 0.00 ms.
Mono: successfully reloaded assembly
- Completed reload, in  1.186 seconds
Platform modules already initialized, skipping
Refreshing native plugins compatible for Editor in 0.37 ms, found 1 plugins.
Preloading 0 native plugins for Editor in 0.00 ms.
Unloading 1814 Unused Serialized files (Serialized files now loaded: 0)
System memory in use before: 88.2 MB.
System memory in use after: 88.3 MB.

Unloading 9 unused Assets to reduce memory usage. Loaded Objects now: 2297.
Total: 2.095500 ms (FindLiveObjects: 0.196400 ms CreateObjectMapping: 0.084000 ms MarkObjects: 1.731500 ms  DeleteObjects: 0.082400 ms)

========================================================================
Received Prepare
Registering precompiled user dll's ...
Registered in 0.001364 seconds.
Begin MonoManager ReloadAssembly
Native extension for LinuxStandalone target not found
Native extension for WindowsStandalone target not found
Native extension for OSXStandalone target not found
Native extension for WebGL target not found
Refreshing native plugins compatible for Editor in 0.42 ms, found 1 plugins.
Preloading 0 native plugins for Editor in 0.00 ms.
Mono: successfully reloaded assembly
- Completed reload, in  1.196 seconds
Platform modules already initialized, skipping
Refreshing native plugins compatible for Editor in 0.38 ms, found 1 plugins.
Preloading 0 native plugins for Editor in 0.00 ms.
Unloading 1814 Unused Serialized files (Serialized files now loaded: 0)
System memory in use before: 88.3 MB.
System memory in use after: 88.3 MB.

Unloading 9 unused Assets to reduce memory usage. Loaded Objects now: 2301.
Total: 2.841400 ms (FindLiveObjects: 0.241200 ms CreateObjectMapping: 0.075000 ms MarkObjects: 2.326400 ms  DeleteObjects: 0.177400 ms)

========================================================================
Received Prepare
Registering precompiled user dll's ...
Registered in 0.001800 seconds.
Begin MonoManager ReloadAssembly
Native extension for LinuxStandalone target not found
Native extension for WindowsStandalone target not found
Native extension for OSXStandalone target not found
Native extension for WebGL target not found
Refreshing native plugins compatible for Editor in 0.37 ms, found 1 plugins.
Preloading 0 native plugins for Editor in 0.00 ms.
Mono: successfully reloaded assembly
- Completed reload, in  1.067 seconds
Platform modules already initialized, skipping
Refreshing native plugins compatible for Editor in 0.40 ms, found 1 plugins.
Preloading 0 native plugins for Editor in 0.00 ms.
Unloading 1814 Unused Serialized files (Serialized files now loaded: 0)
System memory in use before: 88.3 MB.
System memory in use after: 88.3 MB.

Unloading 9 unused Assets to reduce memory usage. Loaded Objects now: 2305.
Total: 2.897100 ms (FindLiveObjects: 0.327400 ms CreateObjectMapping: 0.082400 ms MarkObjects: 2.398900 ms  DeleteObjects: 0.086900 ms)

========================================================================
Received Prepare
Registering precompiled user dll's ...
Registered in 0.001059 seconds.
Begin MonoManager ReloadAssembly
Native extension for LinuxStandalone target not found
Native extension for WindowsStandalone target not found
Native extension for OSXStandalone target not found
Native extension for WebGL target not found
Refreshing native plugins compatible for Editor in 0.38 ms, found 1 plugins.
Preloading 0 native plugins for Editor in 0.00 ms.
Mono: successfully reloaded assembly
- Completed reload, in  1.088 seconds
Platform modules already initialized, skipping
Refreshing native plugins compatible for Editor in 0.72 ms, found 1 plugins.
Preloading 0 native plugins for Editor in 0.00 ms.
Unloading 1814 Unused Serialized files (Serialized files now loaded: 0)
System memory in use before: 88.3 MB.
System memory in use after: 88.3 MB.

Unloading 9 unused Assets to reduce memory usage. Loaded Objects now: 2309.
Total: 2.380700 ms (FindLiveObjects: 0.170000 ms CreateObjectMapping: 0.063000 ms MarkObjects: 2.036800 ms  DeleteObjects: 0.109800 ms)

========================================================================
Received Prepare
Registering precompiled user dll's ...
Registered in 0.001054 seconds.
Begin MonoManager ReloadAssembly
Native extension for LinuxStandalone target not found
Native extension for WindowsStandalone target not found
Native extension for OSXStandalone target not found
Native extension for WebGL target not found
Refreshing native plugins compatible for Editor in 0.36 ms, found 1 plugins.
Preloading 0 native plugins for Editor in 0.00 ms.
Mono: successfully reloaded assembly
- Completed reload, in  1.164 seconds
Platform modules already initialized, skipping
Refreshing native plugins compatible for Editor in 0.50 ms, found 1 plugins.
Preloading 0 native plugins for Editor in 0.00 ms.
Unloading 1814 Unused Serialized files (Serialized files now loaded: 0)
System memory in use before: 88.3 MB.
System memory in use after: 88.3 MB.

Unloading 9 unused Assets to reduce memory usage. Loaded Objects now: 2313.
Total: 3.439700 ms (FindLiveObjects: 0.544600 ms CreateObjectMapping: 0.109900 ms MarkObjects: 2.663300 ms  DeleteObjects: 0.120100 ms)

========================================================================
Received Prepare
Registering precompiled user dll's ...
Registered in 0.002285 seconds.
Begin MonoManager ReloadAssembly
Native extension for LinuxStandalone target not found
Native extension for WindowsStandalone target not found
Native extension for OSXStandalone target not found
Native extension for WebGL target not found
Refreshing native plugins compatible for Editor in 0.69 ms, found 1 plugins.
Preloading 0 native plugins for Editor in 0.00 ms.
Mono: successfully reloaded assembly
- Completed reload, in  1.101 seconds
Platform modules already initialized, skipping
Refreshing native plugins compatible for Editor in 0.41 ms, found 1 plugins.
Preloading 0 native plugins for Editor in 0.00 ms.
Unloading 1814 Unused Serialized files (Serialized files now loaded: 0)
System memory in use before: 88.3 MB.
System memory in use after: 88.4 MB.

Unloading 9 unused Assets to reduce memory usage. Loaded Objects now: 2317.
Total: 3.038200 ms (FindLiveObjects: 0.186100 ms CreateObjectMapping: 0.060400 ms MarkObjects: 2.703700 ms  DeleteObjects: 0.086600 ms)

========================================================================
Received Prepare
Registering precompiled user dll's ...
Registered in 0.001917 seconds.
Begin MonoManager ReloadAssembly
Native extension for LinuxStandalone target not found
Native extension for WindowsStandalone target not found
Native extension for OSXStandalone target not found
Native extension for WebGL target not found
Refreshing native plugins compatible for Editor in 0.72 ms, found 1 plugins.
Preloading 0 native plugins for Editor in 0.00 ms.
Mono: successfully reloaded assembly
- Completed reload, in  1.087 seconds
Platform modules already initialized, skipping
Refreshing native plugins compatible for Editor in 0.36 ms, found 1 plugins.
Preloading 0 native plugins for Editor in 0.00 ms.
Unloading 1814 Unused Serialized files (Serialized files now loaded: 0)
System memory in use before: 88.3 MB.
System memory in use after: 88.4 MB.

Unloading 9 unused Assets to reduce memory usage. Loaded Objects now: 2321.
Total: 2.457500 ms (FindLiveObjects: 0.228400 ms CreateObjectMapping: 0.063500 ms MarkObjects: 2.064600 ms  DeleteObjects: 0.099800 ms)

========================================================================
Received Prepare
Registering precompiled user dll's ...
Registered in 0.001366 seconds.
Begin MonoManager ReloadAssembly
Native extension for LinuxStandalone target not found
Native extension for WindowsStandalone target not found
Native extension for OSXStandalone target not found
Native extension for WebGL target not found
Refreshing native plugins compatible for Editor in 0.76 ms, found 1 plugins.
Preloading 0 native plugins for Editor in 0.00 ms.
Mono: successfully reloaded assembly
- Completed reload, in  1.198 seconds
Platform modules already initialized, skipping
Refreshing native plugins compatible for Editor in 0.59 ms, found 1 plugins.
Preloading 0 native plugins for Editor in 0.00 ms.
Unloading 1814 Unused Serialized files (Serialized files now loaded: 0)
System memory in use before: 88.3 MB.
System memory in use after: 88.4 MB.

Unloading 9 unused Assets to reduce memory usage. Loaded Objects now: 2325.
Total: 2.613500 ms (FindLiveObjects: 0.212000 ms CreateObjectMapping: 0.065500 ms MarkObjects: 2.117000 ms  DeleteObjects: 0.217800 ms)

========================================================================
Received Prepare
Registering precompiled user dll's ...
Registered in 0.001614 seconds.
Begin MonoManager ReloadAssembly
Native extension for LinuxStandalone target not found
Native extension for WindowsStandalone target not found
Native extension for OSXStandalone target not found
Native extension for WebGL target not found
Refreshing native plugins compatible for Editor in 0.39 ms, found 1 plugins.
Preloading 0 native plugins for Editor in 0.00 ms.
Mono: successfully reloaded assembly
- Completed reload, in  1.051 seconds
Platform modules already initialized, skipping
Refreshing native plugins compatible for Editor in 0.62 ms, found 1 plugins.
Preloading 0 native plugins for Editor in 0.00 ms.
Unloading 1814 Unused Serialized files (Serialized files now loaded: 0)
System memory in use before: 88.3 MB.
System memory in use after: 88.4 MB.

Unloading 9 unused Assets to reduce memory usage. Loaded Objects now: 2329.
Total: 2.713300 ms (FindLiveObjects: 0.317500 ms CreateObjectMapping: 0.073500 ms MarkObjects: 2.209500 ms  DeleteObjects: 0.111300 ms)

========================================================================
Received Prepare
Registering precompiled user dll's ...
Registered in 0.001030 seconds.
Begin MonoManager ReloadAssembly
Native extension for LinuxStandalone target not found
Native extension for WindowsStandalone target not found
Native extension for OSXStandalone target not found
Native extension for WebGL target not found
Refreshing native plugins compatible for Editor in 0.36 ms, found 1 plugins.
Preloading 0 native plugins for Editor in 0.00 ms.
Mono: successfully reloaded assembly
- Completed reload, in  1.167 seconds
Platform modules already initialized, skipping
Refreshing native plugins compatible for Editor in 0.44 ms, found 1 plugins.
Preloading 0 native plugins for Editor in 0.00 ms.
Unloading 1814 Unused Serialized files (Serialized files now loaded: 0)
System memory in use before: 88.3 MB.
System memory in use after: 88.4 MB.

Unloading 9 unused Assets to reduce memory usage. Loaded Objects now: 2333.
Total: 2.264800 ms (FindLiveObjects: 0.173500 ms CreateObjectMapping: 0.054600 ms MarkObjects: 1.937500 ms  DeleteObjects: 0.098100 ms)

========================================================================
Received Prepare
Registering precompiled user dll's ...
Registered in 0.001223 seconds.
Begin MonoManager ReloadAssembly
Native extension for LinuxStandalone target not found
Native extension for WindowsStandalone target not found
Native extension for OSXStandalone target not found
Native extension for WebGL target not found
Refreshing native plugins compatible for Editor in 0.55 ms, found 1 plugins.
Preloading 0 native plugins for Editor in 0.00 ms.
Mono: successfully reloaded assembly
- Completed reload, in  1.101 seconds
Platform modules already initialized, skipping
Refreshing native plugins compatible for Editor in 0.38 ms, found 1 plugins.
Preloading 0 native plugins for Editor in 0.00 ms.
Unloading 1814 Unused Serialized files (Serialized files now loaded: 0)
System memory in use before: 88.3 MB.
System memory in use after: 88.4 MB.

Unloading 9 unused Assets to reduce memory usage. Loaded Objects now: 2337.
Total: 2.033300 ms (FindLiveObjects: 0.159100 ms CreateObjectMapping: 0.060300 ms MarkObjects: 1.707500 ms  DeleteObjects: 0.105500 ms)

