Using pre-set license
Built from '2020.3/staging' branch; Version is '2020.3.9f1 (108be757e447) revision 1084391'; Using compiler version '192528614'; Build Type 'Release'
OS: 'Windows 10 Home; OS build 19042.1052; Version 2009; 64bit' Language: 'de' Physical Memory: 16267 MB
BatchMode: 1, IsHumanControllingUs: 0, StartBugReporterOnCrash: 0, Is64bit: 1, IsPro: 0

 COMMAND LINE ARGUMENTS:
C:\Program Files\Unity\Hub\Editor\2020.3.9f1\Editor\Unity.exe
-adb2
-batchMode
-noUpm
-name
AssetImportWorker0
-projectPath
C:/Users/Katja/Documents/Uni/Bachelor Informatik/Module/P17 Multimediaprogrammierung/Abschlussprojekt/mmp-abschlussprojekt/Silva
-logFile
Logs/AssetImportWorker0.log
-srvPort
62491
Successfully changed project path to: C:/Users/Katja/Documents/Uni/Bachelor Informatik/Module/P17 Multimediaprogrammierung/Abschlussprojekt/mmp-abschlussprojekt/Silva
C:/Users/Katja/Documents/Uni/Bachelor Informatik/Module/P17 Multimediaprogrammierung/Abschlussprojekt/mmp-abschlussprojekt/Silva
Using Asset Import Pipeline V2.
Refreshing native plugins compatible for Editor in 139.21 ms, found 1 plugins.
Preloading 0 native plugins for Editor in 0.00 ms.
Initialize engine version: 2020.3.9f1 (108be757e447)
[Subsystems] Discovering subsystems at path C:/Program Files/Unity/Hub/Editor/2020.3.9f1/Editor/Data/Resources/UnitySubsystems
[Subsystems] Discovering subsystems at path C:/Users/Katja/Documents/Uni/Bachelor Informatik/Module/P17 Multimediaprogrammierung/Abschlussprojekt/mmp-abschlussprojekt/Silva/Assets
GfxDevice: creating device client; threaded=0
Direct3D:
    Version:  Direct3D 11.0 [level 11.1]
    Renderer: Intel(R) HD Graphics 520 (ID=0x1916)
    Vendor:   
    VRAM:     8133 MB
    Driver:   26.20.100.7812
Initialize mono
Mono path[0] = 'C:/Program Files/Unity/Hub/Editor/2020.3.9f1/Editor/Data/Managed'
Mono path[1] = 'C:/Program Files/Unity/Hub/Editor/2020.3.9f1/Editor/Data/MonoBleedingEdge/lib/mono/unityjit'
Mono config path = 'C:/Program Files/Unity/Hub/Editor/2020.3.9f1/Editor/Data/MonoBleedingEdge/etc'
Using monoOptions --debugger-agent=transport=dt_socket,embedding=1,server=y,suspend=n,address=127.0.0.1:56704
Begin MonoManager ReloadAssembly
Registering precompiled unity dll's ...
Register platform support module: C:/Program Files/Unity/Hub/Editor/2020.3.9f1/Editor/Data/PlaybackEngines/WindowsStandaloneSupport/UnityEditor.WindowsStandalone.Extensions.dll
Registered in 0.005986 seconds.
Native extension for WindowsStandalone target not found
Refreshing native plugins compatible for Editor in 86.71 ms, found 1 plugins.
Preloading 0 native plugins for Editor in 0.00 ms.
Mono: successfully reloaded assembly
- Completed reload, in  4.564 seconds
Platform modules already initialized, skipping
Registering precompiled user dll's ...
Registered in 0.004102 seconds.
Begin MonoManager ReloadAssembly
Native extension for WindowsStandalone target not found
Refreshing native plugins compatible for Editor in 109.01 ms, found 1 plugins.
Preloading 0 native plugins for Editor in 0.00 ms.
Mono: successfully reloaded assembly
- Completed reload, in  2.464 seconds
Platform modules already initialized, skipping
========================================================================
Worker process is ready to serve import requests
Launched and connected shader compiler UnityShaderCompiler.exe after 0.23 seconds
Refreshing native plugins compatible for Editor in 0.54 ms, found 1 plugins.
Preloading 0 native plugins for Editor in 0.00 ms.
Unloading 1834 Unused Serialized files (Serialized files now loaded: 0)
System memory in use before: 86.6 MB.
System memory in use after: 86.7 MB.

Unloading 19 unused Assets to reduce memory usage. Loaded Objects now: 2283.
Total: 5.986000 ms (FindLiveObjects: 0.239800 ms CreateObjectMapping: 0.090500 ms MarkObjects: 5.479200 ms  DeleteObjects: 0.170300 ms)

========================================================================
Received Import Request.
  path: Assets/Audios/Level-2_Background_cropped.wav
  artifactKey: Guid(c3b6c42ecfba1bf41a5a98b7f4306048) Importer(815301076,1909f56bfc062723c751e8b465ee728b)
Start importing Assets/Audios/Level-2_Background_cropped.wav using Guid(c3b6c42ecfba1bf41a5a98b7f4306048) Importer(815301076,1909f56bfc062723c751e8b465ee728b)  -> (artifact id: 'ac0fd7814dee052d493af123e557438b') in 0.680993 seconds
  Import took 0.690878 seconds .

========================================================================
Received Import Request.
  Time since last request: 0.000526 seconds.
  path: Assets/Scenes/Level2.unity
  artifactKey: Guid(55a358236408d22438e266210c168511) Importer(815301076,1909f56bfc062723c751e8b465ee728b)
Start importing Assets/Scenes/Level2.unity using Guid(55a358236408d22438e266210c168511) Importer(815301076,1909f56bfc062723c751e8b465ee728b)  -> (artifact id: '5331bf99556242843b0d96a9e4f625ae') in 0.021921 seconds
  Import took 0.034711 seconds .

========================================================================
Received Import Request.
  Time since last request: 197.584462 seconds.
  path: Assets/Audios/Level-2_Background_cropped_v2.flac
  artifactKey: Guid(0ac35ab17e295f240823ee12b9fa143a) Importer(815301076,1909f56bfc062723c751e8b465ee728b)
Start importing Assets/Audios/Level-2_Background_cropped_v2.flac using Guid(0ac35ab17e295f240823ee12b9fa143a) Importer(815301076,1909f56bfc062723c751e8b465ee728b)  -> (artifact id: '3ddcfe147249c1109c678dd8879c99da') in 0.087329 seconds
  Import took 0.419882 seconds .

========================================================================
Received Import Request.
  Time since last request: 92.470411 seconds.
  path: Assets/Audios/Level-2_Background_cropped_v2.mp3
  artifactKey: Guid(b733414ecc3addf4fb18e36d0b9eb436) Importer(815301076,1909f56bfc062723c751e8b465ee728b)
Start importing Assets/Audios/Level-2_Background_cropped_v2.mp3 using Guid(b733414ecc3addf4fb18e36d0b9eb436) Importer(815301076,1909f56bfc062723c751e8b465ee728b)  -> (artifact id: 'fd334126ad2c5d09c9c1f6a719368416') in 0.088246 seconds
  Import took 0.098011 seconds .

========================================================================
Received Prepare
Registering precompiled user dll's ...
Registered in 0.006783 seconds.
Begin MonoManager ReloadAssembly
Native extension for WindowsStandalone target not found
Refreshing native plugins compatible for Editor in 1.58 ms, found 1 plugins.
Preloading 0 native plugins for Editor in 0.00 ms.
Mono: successfully reloaded assembly
- Completed reload, in  2.965 seconds
Platform modules already initialized, skipping
Refreshing native plugins compatible for Editor in 167.93 ms, found 1 plugins.
Preloading 0 native plugins for Editor in 0.00 ms.
Unloading 1824 Unused Serialized files (Serialized files now loaded: 0)
System memory in use before: 89.2 MB.
System memory in use after: 89.3 MB.

Unloading 7 unused Assets to reduce memory usage. Loaded Objects now: 2296.
Total: 3082.113200 ms (FindLiveObjects: 615.513100 ms CreateObjectMapping: 17.274900 ms MarkObjects: 2441.428900 ms  DeleteObjects: 2.930400 ms)

========================================================================
Received Prepare
Registering precompiled user dll's ...
Registered in 0.010356 seconds.
Begin MonoManager ReloadAssembly
Native extension for WindowsStandalone target not found
Refreshing native plugins compatible for Editor in 0.87 ms, found 1 plugins.
Preloading 0 native plugins for Editor in 0.00 ms.
Mono: successfully reloaded assembly
- Completed reload, in  4.057 seconds
Platform modules already initialized, skipping
Refreshing native plugins compatible for Editor in 0.70 ms, found 1 plugins.
Preloading 0 native plugins for Editor in 0.00 ms.
Unloading 1824 Unused Serialized files (Serialized files now loaded: 0)
System memory in use before: 89.3 MB.
System memory in use after: 89.4 MB.

Unloading 7 unused Assets to reduce memory usage. Loaded Objects now: 2300.
Total: 13.711100 ms (FindLiveObjects: 1.250900 ms CreateObjectMapping: 0.324600 ms MarkObjects: 12.022700 ms  DeleteObjects: 0.110400 ms)

========================================================================
Received Import Request.
  Time since last request: 805.193580 seconds.
  path: Assets/Scenes/Level2.unity
  artifactKey: Guid(55a358236408d22438e266210c168511) Importer(815301076,1909f56bfc062723c751e8b465ee728b)
Start importing Assets/Scenes/Level2.unity using Guid(55a358236408d22438e266210c168511) Importer(815301076,1909f56bfc062723c751e8b465ee728b)  -> (artifact id: '3a541825cbc1b99dd658c268426bb8df') in 0.364956 seconds
  Import took 0.489689 seconds .

========================================================================
Received Prepare
Registering precompiled user dll's ...
Registered in 0.005365 seconds.
Begin MonoManager ReloadAssembly
Native extension for WindowsStandalone target not found
Refreshing native plugins compatible for Editor in 1.94 ms, found 1 plugins.
Preloading 0 native plugins for Editor in 0.00 ms.
Mono: successfully reloaded assembly
- Completed reload, in  2.642 seconds
Platform modules already initialized, skipping
Refreshing native plugins compatible for Editor in 0.81 ms, found 1 plugins.
Preloading 0 native plugins for Editor in 0.00 ms.
Unloading 1824 Unused Serialized files (Serialized files now loaded: 0)
System memory in use before: 89.3 MB.
System memory in use after: 89.4 MB.

Unloading 7 unused Assets to reduce memory usage. Loaded Objects now: 2304.
Total: 4.418000 ms (FindLiveObjects: 0.499300 ms CreateObjectMapping: 0.168500 ms MarkObjects: 3.323000 ms  DeleteObjects: 0.425200 ms)

========================================================================
Received Prepare
Registering precompiled user dll's ...
Registered in 0.007621 seconds.
Begin MonoManager ReloadAssembly
Native extension for WindowsStandalone target not found
Refreshing native plugins compatible for Editor in 1.24 ms, found 1 plugins.
Preloading 0 native plugins for Editor in 0.00 ms.
Mono: successfully reloaded assembly
- Completed reload, in  2.107 seconds
Platform modules already initialized, skipping
Refreshing native plugins compatible for Editor in 0.97 ms, found 1 plugins.
Preloading 0 native plugins for Editor in 0.00 ms.
Unloading 1824 Unused Serialized files (Serialized files now loaded: 0)
System memory in use before: 89.3 MB.
System memory in use after: 89.4 MB.

Unloading 7 unused Assets to reduce memory usage. Loaded Objects now: 2308.
Total: 26.254900 ms (FindLiveObjects: 1.434200 ms CreateObjectMapping: 4.951000 ms MarkObjects: 19.723000 ms  DeleteObjects: 0.143400 ms)

========================================================================
Received Prepare
Registering precompiled user dll's ...
Registered in 0.010158 seconds.
Begin MonoManager ReloadAssembly
Native extension for WindowsStandalone target not found
Refreshing native plugins compatible for Editor in 1.75 ms, found 1 plugins.
Preloading 0 native plugins for Editor in 0.00 ms.
Mono: successfully reloaded assembly
- Completed reload, in  2.381 seconds
Platform modules already initialized, skipping
Refreshing native plugins compatible for Editor in 2.77 ms, found 1 plugins.
Preloading 0 native plugins for Editor in 0.00 ms.
Unloading 1824 Unused Serialized files (Serialized files now loaded: 0)
System memory in use before: 89.3 MB.
System memory in use after: 89.4 MB.

Unloading 7 unused Assets to reduce memory usage. Loaded Objects now: 2312.
Total: 29.864800 ms (FindLiveObjects: 2.019800 ms CreateObjectMapping: 0.851300 ms MarkObjects: 26.806900 ms  DeleteObjects: 0.179700 ms)

========================================================================
Received Prepare
Registering precompiled user dll's ...
Registered in 0.004887 seconds.
Begin MonoManager ReloadAssembly
Native extension for WindowsStandalone target not found
Refreshing native plugins compatible for Editor in 0.49 ms, found 1 plugins.
Preloading 0 native plugins for Editor in 0.00 ms.
Mono: successfully reloaded assembly
- Completed reload, in  1.564 seconds
Platform modules already initialized, skipping
Refreshing native plugins compatible for Editor in 0.60 ms, found 1 plugins.
Preloading 0 native plugins for Editor in 0.00 ms.
Unloading 1824 Unused Serialized files (Serialized files now loaded: 0)
System memory in use before: 89.3 MB.
System memory in use after: 89.4 MB.

Unloading 7 unused Assets to reduce memory usage. Loaded Objects now: 2316.
Total: 3.660200 ms (FindLiveObjects: 0.360700 ms CreateObjectMapping: 0.136200 ms MarkObjects: 3.131900 ms  DeleteObjects: 0.029300 ms)

========================================================================
Received Prepare
Registering precompiled user dll's ...
Registered in 0.002339 seconds.
Begin MonoManager ReloadAssembly
Native extension for WindowsStandalone target not found
Refreshing native plugins compatible for Editor in 0.88 ms, found 1 plugins.
Preloading 0 native plugins for Editor in 0.00 ms.
Mono: successfully reloaded assembly
- Completed reload, in  2.305 seconds
Platform modules already initialized, skipping
Refreshing native plugins compatible for Editor in 0.79 ms, found 1 plugins.
Preloading 0 native plugins for Editor in 0.00 ms.
Unloading 1824 Unused Serialized files (Serialized files now loaded: 0)
System memory in use before: 89.3 MB.
System memory in use after: 89.4 MB.

Unloading 7 unused Assets to reduce memory usage. Loaded Objects now: 2320.
Total: 4.245400 ms (FindLiveObjects: 0.420900 ms CreateObjectMapping: 0.134500 ms MarkObjects: 3.660600 ms  DeleteObjects: 0.027300 ms)

========================================================================
Received Import Request.
  Time since last request: 288.009535 seconds.
  path: Assets/Scenes/Level2.unity
  artifactKey: Guid(55a358236408d22438e266210c168511) Importer(815301076,1909f56bfc062723c751e8b465ee728b)
Start importing Assets/Scenes/Level2.unity using Guid(55a358236408d22438e266210c168511) Importer(815301076,1909f56bfc062723c751e8b465ee728b)  -> (artifact id: 'e611dd8b7cc2232ea3bd44f11de55d11') in 0.039141 seconds
  Import took 0.047749 seconds .

========================================================================
Received Prepare
Registering precompiled user dll's ...
Registered in 0.012939 seconds.
Begin MonoManager ReloadAssembly
Native extension for WindowsStandalone target not found
Refreshing native plugins compatible for Editor in 0.93 ms, found 1 plugins.
Preloading 0 native plugins for Editor in 0.00 ms.
Mono: successfully reloaded assembly
- Completed reload, in  2.188 seconds
Platform modules already initialized, skipping
Refreshing native plugins compatible for Editor in 2.63 ms, found 1 plugins.
Preloading 0 native plugins for Editor in 0.00 ms.
Unloading 1824 Unused Serialized files (Serialized files now loaded: 0)
System memory in use before: 89.3 MB.
System memory in use after: 89.4 MB.

Unloading 7 unused Assets to reduce memory usage. Loaded Objects now: 2324.
Total: 30.241800 ms (FindLiveObjects: 1.972400 ms CreateObjectMapping: 0.317800 ms MarkObjects: 27.859100 ms  DeleteObjects: 0.084600 ms)

========================================================================
Received Prepare
Registering precompiled user dll's ...
Registered in 0.005413 seconds.
Begin MonoManager ReloadAssembly
Native extension for WindowsStandalone target not found
Refreshing native plugins compatible for Editor in 0.68 ms, found 1 plugins.
Preloading 0 native plugins for Editor in 0.00 ms.
Mono: successfully reloaded assembly
- Completed reload, in  2.658 seconds
Platform modules already initialized, skipping
Refreshing native plugins compatible for Editor in 0.84 ms, found 1 plugins.
Preloading 0 native plugins for Editor in 0.00 ms.
Unloading 1824 Unused Serialized files (Serialized files now loaded: 0)
System memory in use before: 89.3 MB.
System memory in use after: 89.5 MB.

Unloading 7 unused Assets to reduce memory usage. Loaded Objects now: 2328.
Total: 3.806300 ms (FindLiveObjects: 0.283100 ms CreateObjectMapping: 0.154800 ms MarkObjects: 3.340400 ms  DeleteObjects: 0.026100 ms)

========================================================================
Received Import Request.
  Time since last request: 124.321691 seconds.
  path: Assets/Scenes/Level1.unity
  artifactKey: Guid(2cda990e2423bbf4892e6590ba056729) Importer(815301076,1909f56bfc062723c751e8b465ee728b)
Start importing Assets/Scenes/Level1.unity using Guid(2cda990e2423bbf4892e6590ba056729) Importer(815301076,1909f56bfc062723c751e8b465ee728b)  -> (artifact id: '7d42aab80973c223ad3940930d98e644') in 0.031334 seconds
  Import took 0.037454 seconds .

========================================================================
Received Import Request.
  Time since last request: 29.385624 seconds.
  path: Assets/Scenes/MainMenu.unity
  artifactKey: Guid(210c3e829ebd6b848a0a79b93deb7829) Importer(815301076,1909f56bfc062723c751e8b465ee728b)
Start importing Assets/Scenes/MainMenu.unity using Guid(210c3e829ebd6b848a0a79b93deb7829) Importer(815301076,1909f56bfc062723c751e8b465ee728b)  -> (artifact id: 'f9e88ee599691b2d9379461e71d3a2d7') in 0.026833 seconds
  Import took 0.035631 seconds .

========================================================================
Received Import Request.
  Time since last request: 2.172524 seconds.
  path: Assets/Scenes/Level1.unity
  artifactKey: Guid(2cda990e2423bbf4892e6590ba056729) Importer(815301076,1909f56bfc062723c751e8b465ee728b)
Start importing Assets/Scenes/Level1.unity using Guid(2cda990e2423bbf4892e6590ba056729) Importer(815301076,1909f56bfc062723c751e8b465ee728b)  -> (artifact id: '70d0785073146997ed5b24acbb205da5') in 0.019113 seconds
  Import took 0.026951 seconds .

AssetImportWorkerClient::OnTransportError - code=2 error=End of file
